<?xml version="1.0" encoding="UTF-8"?>
<!-- Generated by org.testng.reporters.JUnitReportReporter -->
<testsuite skipped="0" hostname="DESKTOP-ROTR67B" name="org.testing.TestingScripts.TC5" tests="1" failures="0" timestamp="2020-08-07T00:25:32 IST" time="58.228" errors="0">
  <testcase name="Click5" time="58.228" classname="org.testing.TestingScripts.TC5"/>
  <system-out/>
</testsuite> <!-- org.testing.TestingScripts.TC5 -->
