<?xml version="1.0" encoding="UTF-8"?>
<!-- Generated by org.testng.reporters.JUnitReportReporter -->
<testsuite skipped="0" hostname="DESKTOP-ROTR67B" name="org.testing.TestingScripts.TC8" tests="1" failures="0" timestamp="2020-08-07T00:25:33 IST" time="73.651" errors="0">
  <testcase name="Click8" time="73.651" classname="org.testing.TestingScripts.TC8"/>
  <system-out/>
</testsuite> <!-- org.testing.TestingScripts.TC8 -->
