<?xml version="1.0" encoding="UTF-8"?>
<!-- Generated by org.testng.reporters.JUnitReportReporter -->
<testsuite skipped="0" hostname="DESKTOP-ROTR67B" name="org.testing.TestingScripts.TC4" tests="1" failures="0" timestamp="2020-08-07T01:36:42 IST" time="56.145" errors="0">
  <testcase name="Click4" time="56.145" classname="org.testing.TestingScripts.TC4"/>
  <system-out/>
</testsuite> <!-- org.testing.TestingScripts.TC4 -->
