<?xml version="1.0" encoding="UTF-8"?>
<!-- Generated by org.testng.reporters.JUnitReportReporter -->
<testsuite skipped="0" hostname="DESKTOP-ROTR67B" name="org.testing.TestingScripts.TC3" tests="1" failures="0" timestamp="2020-08-07T00:25:33 IST" time="59.452" errors="0">
  <testcase name="Click3" time="59.452" classname="org.testing.TestingScripts.TC3"/>
  <system-out/>
</testsuite> <!-- org.testing.TestingScripts.TC3 -->
